2024-08-22T22:51:45.184+02:00  INFO 17160 --- [main] Controller.PlayersControllerTest         : Starting PlayersControllerTest using Java 22.0.2 with PID 17160 (started by janai in C:\Users\janai\Desktop\Projets\PlayersStatistics)
2024-08-22T22:51:45.201+02:00  INFO 17160 --- [main] Controller.PlayersControllerTest         : No active profile set, falling back to 1 default profile: "default"
2024-08-22T22:51:49.161+02:00  INFO 17160 --- [main] o.s.b.t.m.w.SpringBootMockServletContext : Initializing Spring TestDispatcherServlet ''
2024-08-22T22:51:49.161+02:00  INFO 17160 --- [main] o.s.t.web.servlet.TestDispatcherServlet  : Initializing Servlet ''
2024-08-22T22:51:49.165+02:00  INFO 17160 --- [main] o.s.t.web.servlet.TestDispatcherServlet  : Completed initialization in 0 ms
2024-08-22T22:51:49.223+02:00  INFO 17160 --- [main] Controller.PlayersControllerTest         : Started PlayersControllerTest in 4.763 seconds (process running for 6.37)
2024-08-22T22:51:49.424+02:00  INFO 17160 --- [main] c.p.stats.controller.PlayersController   : Retrieving player with id 1
2024-08-22T22:51:49.534+02:00  WARN 17160 --- [main] .w.s.m.s.DefaultHandlerExceptionResolver : Resolved [org.springframework.web.method.annotation.MethodArgumentTypeMismatchException: Failed to convert value of type 'java.lang.String' to required type 'int'; For input string: "stats"]
2024-08-22T22:51:49.571+02:00  INFO 17160 --- [main] c.p.stats.controller.PlayersController   : Retrieving all players
2024-08-22T22:53:23.682+02:00  INFO 17948 --- [main] Controller.PlayersControllerTest         : Starting PlayersControllerTest using Java 22.0.2 with PID 17948 (started by janai in C:\Users\janai\Desktop\Projets\PlayersStatistics)
2024-08-22T22:53:23.697+02:00  INFO 17948 --- [main] Controller.PlayersControllerTest         : No active profile set, falling back to 1 default profile: "default"
2024-08-22T22:53:30.394+02:00  INFO 17948 --- [main] o.s.b.t.m.w.SpringBootMockServletContext : Initializing Spring TestDispatcherServlet ''
2024-08-22T22:53:30.394+02:00  INFO 17948 --- [main] o.s.t.web.servlet.TestDispatcherServlet  : Initializing Servlet ''
2024-08-22T22:53:30.398+02:00  INFO 17948 --- [main] o.s.t.web.servlet.TestDispatcherServlet  : Completed initialization in 4 ms
2024-08-22T22:53:30.485+02:00  INFO 17948 --- [main] Controller.PlayersControllerTest         : Started PlayersControllerTest in 7.961 seconds (process running for 10.279)
2024-08-22T22:53:30.975+02:00  INFO 17948 --- [main] c.p.stats.controller.PlayersController   : Retrieving player with id 1
2024-08-22T22:53:31.254+02:00  WARN 17948 --- [main] .w.s.m.s.DefaultHandlerExceptionResolver : Resolved [org.springframework.web.method.annotation.MethodArgumentTypeMismatchException: Failed to convert value of type 'java.lang.String' to required type 'int'; For input string: "stats"]
2024-08-22T22:53:31.307+02:00  INFO 17948 --- [main] c.p.stats.controller.PlayersController   : Retrieving all players
2024-08-22T22:54:37.341+02:00  INFO 20180 --- [main] Controller.PlayersControllerTest         : Starting PlayersControllerTest using Java 17.0.2 with PID 20180 (started by janai in C:\Users\janai\Desktop\Projets\PlayersStatistics)
2024-08-22T22:54:37.341+02:00  INFO 20180 --- [main] Controller.PlayersControllerTest         : No active profile set, falling back to 1 default profile: "default"
2024-08-22T22:54:41.369+02:00  INFO 20180 --- [main] o.s.b.t.m.w.SpringBootMockServletContext : Initializing Spring TestDispatcherServlet ''
2024-08-22T22:54:41.369+02:00  INFO 20180 --- [main] o.s.t.web.servlet.TestDispatcherServlet  : Initializing Servlet ''
2024-08-22T22:54:41.369+02:00  INFO 20180 --- [main] o.s.t.web.servlet.TestDispatcherServlet  : Completed initialization in 0 ms
2024-08-22T22:54:41.411+02:00  INFO 20180 --- [main] Controller.PlayersControllerTest         : Started PlayersControllerTest in 4.613 seconds (process running for 6.447)
2024-08-22T22:54:41.573+02:00  INFO 20180 --- [main] c.p.stats.controller.PlayersController   : Retrieving all players
2024-08-22T22:55:09.115+02:00  INFO 25520 --- [main] Controller.PlayersControllerTest         : Starting PlayersControllerTest using Java 17.0.2 with PID 25520 (started by janai in C:\Users\janai\Desktop\Projets\PlayersStatistics)
2024-08-22T22:55:09.115+02:00  INFO 25520 --- [main] Controller.PlayersControllerTest         : No active profile set, falling back to 1 default profile: "default"
2024-08-22T22:55:12.684+02:00  INFO 25520 --- [main] o.s.b.t.m.w.SpringBootMockServletContext : Initializing Spring TestDispatcherServlet ''
2024-08-22T22:55:12.684+02:00  INFO 25520 --- [main] o.s.t.web.servlet.TestDispatcherServlet  : Initializing Servlet ''
2024-08-22T22:55:12.690+02:00  INFO 25520 --- [main] o.s.t.web.servlet.TestDispatcherServlet  : Completed initialization in 2 ms
2024-08-22T22:55:12.755+02:00  INFO 25520 --- [main] Controller.PlayersControllerTest         : Started PlayersControllerTest in 4.222 seconds (process running for 7.022)
2024-08-22T22:55:13.010+02:00  WARN 25520 --- [main] .w.s.m.s.DefaultHandlerExceptionResolver : Resolved [org.springframework.web.method.annotation.MethodArgumentTypeMismatchException: Failed to convert value of type 'java.lang.String' to required type 'int'; For input string: "stats"]
2024-08-22T22:55:58.723+02:00  INFO 5872 --- [main] Controller.PlayersControllerTest         : Starting PlayersControllerTest using Java 22.0.2 with PID 5872 (started by janai in C:\Users\janai\Desktop\Projets\PlayersStatistics)
2024-08-22T22:55:58.730+02:00  INFO 5872 --- [main] Controller.PlayersControllerTest         : No active profile set, falling back to 1 default profile: "default"
2024-08-22T22:56:02.556+02:00  INFO 5872 --- [main] o.s.b.t.m.w.SpringBootMockServletContext : Initializing Spring TestDispatcherServlet ''
2024-08-22T22:56:02.556+02:00  INFO 5872 --- [main] o.s.t.web.servlet.TestDispatcherServlet  : Initializing Servlet ''
2024-08-22T22:56:02.556+02:00  INFO 5872 --- [main] o.s.t.web.servlet.TestDispatcherServlet  : Completed initialization in 0 ms
2024-08-22T22:56:02.600+02:00  INFO 5872 --- [main] Controller.PlayersControllerTest         : Started PlayersControllerTest in 4.618 seconds (process running for 5.93)
2024-08-22T22:56:02.767+02:00  INFO 5872 --- [main] c.p.stats.controller.PlayersController   : Retrieving player with id 1
2024-08-22T22:56:02.877+02:00  INFO 5872 --- [main] c.p.stats.controller.PlayersController   : Retrieving players statistics
2024-08-22T22:56:02.891+02:00  INFO 5872 --- [main] c.p.stats.controller.PlayersController   : Retrieving all players
2024-08-22T22:56:26.469+02:00  INFO 13640 --- [main] Controller.PlayersControllerTest         : Starting PlayersControllerTest using Java 22.0.2 with PID 13640 (started by janai in C:\Users\janai\Desktop\Projets\PlayersStatistics)
2024-08-22T22:56:26.473+02:00  INFO 13640 --- [main] Controller.PlayersControllerTest         : No active profile set, falling back to 1 default profile: "default"
2024-08-22T22:56:30.168+02:00  INFO 13640 --- [main] o.s.b.t.m.w.SpringBootMockServletContext : Initializing Spring TestDispatcherServlet ''
2024-08-22T22:56:30.169+02:00  INFO 13640 --- [main] o.s.t.web.servlet.TestDispatcherServlet  : Initializing Servlet ''
2024-08-22T22:56:30.172+02:00  INFO 13640 --- [main] o.s.t.web.servlet.TestDispatcherServlet  : Completed initialization in 2 ms
2024-08-22T22:56:30.224+02:00  INFO 13640 --- [main] Controller.PlayersControllerTest         : Started PlayersControllerTest in 4.418 seconds (process running for 5.915)
2024-08-22T22:56:30.407+02:00  INFO 13640 --- [main] c.p.stats.controller.PlayersController   : Retrieving player with id 1
2024-08-22T22:56:30.521+02:00  INFO 13640 --- [main] c.p.stats.controller.PlayersController   : Retrieving players statistics
2024-08-22T22:56:30.540+02:00  INFO 13640 --- [main] c.p.stats.controller.PlayersController   : Retrieving all players
